[2025-07-24 23:48:22] [QUOTE] Создана картинка по тексту: “надо сделать опрос” от Aigerim
[2025-07-24 23:48:23] [QUOTE] Создана картинка по тексту: “надо сделать опрос” от Aigerim
[2025-07-24 23:48:23] [QUOTE] Создана картинка по тексту: “надо сделать опрос” от Aigerim
[2025-07-24 23:49:33] [PHRASE] Триггер «котя котя» сработал на сообщение: котя котя
[2025-07-25 09:04:52] [PHRASE] Триггер «котя котя» сработал на сообщение: котя котя
[2025-07-25 09:14:24] [PHRASE] Фраза с ключевым словом «сделать»: бот можешь меня сделать богатым?
[2025-07-25 09:15:28] [PHRASE] Фраза с ключевым словом «сделай»: сделай
[2025-07-25 09:19:47] [PHRASE] Ответ 'картошка' на слово с окончанием 'тошка' в сообщении: “тошка”
[2025-07-25 09:19:52] [PHRASE] Ответ 'картошка' на слово с окончанием 'тошка' в сообщении: “антошка”
[2025-07-25 09:21:48] [PHRASE] Триггер «антон» сработал на сообщение: антон
[2025-07-25 09:23:13] [PHRASE] Фраза с ключевым словом «сделай»: сделай интеграцию с ома экспресс, получишь деньги за идею
[2025-07-25 09:25:05] [QUOTE] Создана картинка по тексту: “Лучше бы в чат поддержки бота добавили который чистит очень выгодные предложения по работе с заработком от 1000$ в секунду” от Свинопас
[2025-07-25 09:25:07] [QUOTE] Создана картинка по тексту: “Лучше бы в чат поддержки бота добавили который чистит очень выгодные предложения по работе с заработком от 1000$ в секунду” от Свинопас
[2025-07-25 09:25:07] [QUOTE] Создана картинка по тексту: “Лучше бы в чат поддержки бота добавили который чистит очень выгодные предложения по работе с заработком от 1000$ в секунду” от Свинопас
[2025-07-25 09:28:55] [PHRASE] Триггер «антон» сработал на сообщение: хачу бота, которая рифмует антон- ...
[2025-07-25 09:49:27] [QUOTE] Создана картинка по тексту: “📡 Запрос погоды: https://api.openweathermap.org/data/2.5/weather с параметрами {'q': 'Алматы', 'appid': 'dd86c7a0da69fa4cad6d53c8658c8a64', 'units': 'metric', 'lang': 'ru'}” от toligrimm
[2025-07-25 09:54:13] [QUOTE] Создана картинка по тексту: “/q” от Aigerim
[2025-07-25 09:54:22] [QUOTE] Создана картинка по тексту: “📡 Запрос погоды: https://api.openweathermap.org/data/2.5/weather с параметрами {'q': 'Алматы', 'appid': 'dd86c7a0da69fa4cad6d53c8658c8a64', 'units': 'metric', 'lang': 'ru'}” от toligrimm
[2025-07-25 09:54:50] [QUOTE] Создана картинка по тексту: “📡 Запрос погоды: https://api.openweathermap.org/data/2.5/weather с параметрами {'q': 'Алматы', 'appid': 'dd86c7a0da69fa4cad6d53c8658c8a64', 'units': 'metric', 'lang': 'ru'}” от toligrimm
[2025-07-25 09:56:27] [QUOTE] Создана картинка по тексту: “📡 Запрос погоды: https://api.openweathermap.org/data/2.5/weather с параметрами {'q': 'Алматы', 'appid': 'dd86c7a0da69fa4cad6d53c8658c8a64', 'units': 'metric', 'lang': 'ru'}” от toligrimm
[2025-07-25 09:56:54] [QUOTE] Создана картинка по тексту: “📡 Запрос погоды: https://api.openweathermap.org/data/2.5/weather с параметрами {'q': 'Алматы', 'appid': 'dd86c7a0da69fa4cad6d53c8658c8a64', 'units': 'metric', 'lang': 'ru'}” от toligrimm
[2025-07-25 09:57:24] [QUOTE] Создана картинка по тексту: “📡 Запрос погоды: https://api.openweathermap.org/data/2.5/weather с параметрами {'q': 'Алматы', 'appid': 'dd86c7a0da69fa4cad6d53c8658c8a64', 'units': 'metric', 'lang': 'ru'}” от toligrimm
[2025-07-25 09:58:24] [QUOTE] Создана картинка по тексту: “📡 Запрос погоды: https://api.openweathermap.org/data/2.5/weather с параметрами {'q': 'Алматы', 'appid': 'dd86c7a0da69fa4cad6d53c8658c8a64', 'units': 'metric', 'lang': 'ru'}” от toligrimm
[2025-07-25 10:00:58] [PHRASE] Триггер «котя, котя» сработал на сообщение: котя, котя
[2025-07-25 10:03:44] [QUOTE] Создана картинка по тексту: “📡 Запрос погоды: https://api.openweathermap.org/data/2.5/weather с параметрами {'q': 'Алматы', 'appid': 'dd86c7a0da69fa4cad6d53c8658c8a64', 'units': 'metric', 'lang': 'ru'}” от toligrimm
[2025-07-25 10:03:45] [QUOTE] Создана картинка по тексту: “📡 Запрос погоды: https://api.openweathermap.org/data/2.5/weather с параметрами {'q': 'Алматы', 'appid': 'dd86c7a0da69fa4cad6d53c8658c8a64', 'units': 'metric', 'lang': 'ru'}” от toligrimm
[2025-07-25 10:03:46] [QUOTE] Создана картинка по тексту: “📡 Запрос погоды: https://api.openweathermap.org/data/2.5/weather с параметрами {'q': 'Алматы', 'appid': 'dd86c7a0da69fa4cad6d53c8658c8a64', 'units': 'metric', 'lang': 'ru'}” от toligrimm
[2025-07-25 10:03:57] [QUOTE] Создана картинка по тексту: “🌤️ Погода в Алматы: 21.95°C, переменная облачность” от toligrimm
[2025-07-25 10:03:58] [QUOTE] Создана картинка по тексту: “🌤️ Погода в Алматы: 21.95°C, переменная облачность” от toligrimm
[2025-07-25 10:03:58] [QUOTE] Создана картинка по тексту: “🌤️ Погода в Алматы: 21.95°C, переменная облачность” от toligrimm
[2025-07-25 10:06:30] [QUOTE] Создана картинка по тексту: “📡 Запрос погоды: https://api.openweathermap.org/data/2.5/weather с параметрами {'q': 'Алматы', 'appid': 'dd86c7a0da69fa4cad6d53c8658c8a64', 'units': 'metric', 'lang': 'ru'}” от toligrimm
[2025-07-25 10:06:32] [QUOTE] Создана картинка по тексту: “📡 Запрос погоды: https://api.openweathermap.org/data/2.5/weather с параметрами {'q': 'Алматы', 'appid': 'dd86c7a0da69fa4cad6d53c8658c8a64', 'units': 'metric', 'lang': 'ru'}” от toligrimm
[2025-07-25 10:06:32] [QUOTE] Создана картинка по тексту: “📡 Запрос погоды: https://api.openweathermap.org/data/2.5/weather с параметрами {'q': 'Алматы', 'appid': 'dd86c7a0da69fa4cad6d53c8658c8a64', 'units': 'metric', 'lang': 'ru'}” от toligrimm
[2025-07-25 10:11:02] [QUOTE] Создана картинка по тексту: “📡 Запрос погоды: https://api.openweathermap.org/data/2.5/weather с параметрами {'q': 'Алматы', 'appid': 'dd86c7a0da69fa4cad6d53c8658c8a64', 'units': 'metric', 'lang': 'ru'}” от toligrimm
[2025-07-25 10:11:03] [QUOTE] Создана картинка по тексту: “📡 Запрос погоды: https://api.openweathermap.org/data/2.5/weather с параметрами {'q': 'Алматы', 'appid': 'dd86c7a0da69fa4cad6d53c8658c8a64', 'units': 'metric', 'lang': 'ru'}” от toligrimm
[2025-07-25 10:11:03] [QUOTE] Создана картинка по тексту: “📡 Запрос погоды: https://api.openweathermap.org/data/2.5/weather с параметрами {'q': 'Алматы', 'appid': 'dd86c7a0da69fa4cad6d53c8658c8a64', 'units': 'metric', 'lang': 'ru'}” от toligrimm
[2025-07-25 10:12:47] [QUOTE] Создана картинка по тексту: “📡 Запрос погоды: https://api.openweathermap.org/data/2.5/weather с параметрами {'q': 'Алматы', 'appid': 'dd86c7a0da69fa4cad6d53c8658c8a64', 'units': 'metric', 'lang': 'ru'}” от toligrimm
[2025-07-25 10:12:48] [QUOTE] Создана картинка по тексту: “📡 Запрос погоды: https://api.openweathermap.org/data/2.5/weather с параметрами {'q': 'Алматы', 'appid': 'dd86c7a0da69fa4cad6d53c8658c8a64', 'units': 'metric', 'lang': 'ru'}” от toligrimm
[2025-07-25 10:12:49] [QUOTE] Создана картинка по тексту: “📡 Запрос погоды: https://api.openweathermap.org/data/2.5/weather с параметрами {'q': 'Алматы', 'appid': 'dd86c7a0da69fa4cad6d53c8658c8a64', 'units': 'metric', 'lang': 'ru'}” от toligrimm
[2025-07-25 10:13:58] [QUOTE] Создана картинка по тексту: “📡 Запрос погоды: https://api.openweathermap.org/data/2.5/weather с параметрами {'q': 'Алматы', 'appid': 'dd86c7a0da69fa4cad6d53c8658c8a64', 'units': 'metric', 'lang': 'ru'}” от toligrimm
[2025-07-25 10:13:59] [QUOTE] Создана картинка по тексту: “📡 Запрос погоды: https://api.openweathermap.org/data/2.5/weather с параметрами {'q': 'Алматы', 'appid': 'dd86c7a0da69fa4cad6d53c8658c8a64', 'units': 'metric', 'lang': 'ru'}” от toligrimm
[2025-07-25 10:13:59] [QUOTE] Создана картинка по тексту: “📡 Запрос погоды: https://api.openweathermap.org/data/2.5/weather с параметрами {'q': 'Алматы', 'appid': 'dd86c7a0da69fa4cad6d53c8658c8a64', 'units': 'metric', 'lang': 'ru'}” от toligrimm
[2025-07-25 10:18:33] [QUOTE] Создана картинка по тексту: “📡 Запрос погоды: https://api.openweathermap.org/data/2.5/weather с параметрами {'q': 'Алматы', 'appid': 'dd86c7a0da69fa4cad6d53c8658c8a64', 'units': 'metric', 'lang': 'ru'}” от toligrimm
[2025-07-25 10:18:34] [QUOTE] Создана картинка по тексту: “📡 Запрос погоды: https://api.openweathermap.org/data/2.5/weather с параметрами {'q': 'Алматы', 'appid': 'dd86c7a0da69fa4cad6d53c8658c8a64', 'units': 'metric', 'lang': 'ru'}” от toligrimm
[2025-07-25 10:18:34] [QUOTE] Создана картинка по тексту: “📡 Запрос погоды: https://api.openweathermap.org/data/2.5/weather с параметрами {'q': 'Алматы', 'appid': 'dd86c7a0da69fa4cad6d53c8658c8a64', 'units': 'metric', 'lang': 'ru'}” от toligrimm
[2025-07-25 10:20:18] [QUOTE] Создана картинка по тексту: “📡 Запрос погоды: https://api.openweathermap.org/data/2.5/weather с параметрами {'q': 'Алматы', 'appid': 'dd86c7a0da69fa4cad6d53c8658c8a64', 'units': 'metric', 'lang': 'ru'}” от toligrimm
[2025-07-25 10:20:19] [QUOTE] Создана картинка по тексту: “📡 Запрос погоды: https://api.openweathermap.org/data/2.5/weather с параметрами {'q': 'Алматы', 'appid': 'dd86c7a0da69fa4cad6d53c8658c8a64', 'units': 'metric', 'lang': 'ru'}” от toligrimm
[2025-07-25 10:20:19] [QUOTE] Создана картинка по тексту: “📡 Запрос погоды: https://api.openweathermap.org/data/2.5/weather с параметрами {'q': 'Алматы', 'appid': 'dd86c7a0da69fa4cad6d53c8658c8a64', 'units': 'metric', 'lang': 'ru'}” от toligrimm
[2025-07-25 10:24:28] [QUOTE] Создана картинка по тексту: “📡 Запрос погоды: https://api.openweathermap.org/data/2.5/weather с параметрами {'q': 'Алматы', 'appid': 'dd86c7a0da69fa4cad6d53c8658c8a64', 'units': 'metric', 'lang': 'ru'}” от toligrimm
[2025-07-25 10:27:56] [QUOTE] Создана картинка по тексту: “📡 Запрос погоды: https://api.openweathermap.org/data/2.5/weather с параметрами {'q': 'Алматы', 'appid': 'dd86c7a0da69fa4cad6d53c8658c8a64', 'units': 'metric', 'lang': 'ru'}” от toligrimm
[2025-07-25 10:28:52] [QUOTE] Создана картинка по тексту: “📡 Запрос погоды: https://api.openweathermap.org/data/2.5/weather с параметрами {'q': 'Алматы', 'appid': 'dd86c7a0da69fa4cad6d53c8658c8a64', 'units': 'metric', 'lang': 'ru'}” от toligrimm
[2025-07-25 11:35:34] [PHRASE] Триггер «котя котя» сработал на сообщение: котя котя
[2025-07-25 11:37:05] [PHRASE] Ответ 'картошка' на слово с окончанием 'тошка' в сообщении: “тотошка”
[2025-07-25 11:43:55] [PHRASE] Триггер «ибрагим» сработал на сообщение: ибрагим
[2025-07-25 12:03:57] [QUOTE] Создана картинка по тексту: “🏙 Погода в городе Нур-Султан (🇰🇿):
🌡 Сейчас: 24.0°C (Облачно с прояснениями)
🫂 Ощущается как: 23.6°C
🌬 Ветер: 2 м/с
💦 Влажность: 46%
⏰ Время: 11:56 (25.07.2025)
🌅 Восход: 04:28 | 🌇 Закат: 20:12” от toligrimm
[2025-07-25 12:09:25] [QUOTE] Создана картинка по тексту: “🏙 Погода в городе Нур-Султан (🇰🇿):
🌡 Сейчас: 24.0°C (Облачно с прояснениями)
🫂 Ощущается как: 23.6°C
🌬 Ветер: 2 м/с
💦 Влажность: 46%
⏰ Время: 11:56 (25.07.2025)
🌅 Восход: 04:28 | 🌇 Закат: 20:12” от toligrimm
[2025-07-25 12:54:37] [PHRASE] Триггер «котя котя» сработал на сообщение: котя котя
[2025-07-25 13:23:01] [PHRASE] Триггер «котя котя» сработал на сообщение: спасибо большое, котя котя
[2025-07-25 13:32:11] [PHRASE] Триггер «гаф гаф» сработал на сообщение: гаф гаф
[2025-07-25 14:35:12] [PHRASE] Ответ 'картошка' на слово с окончанием 'тошка' в сообщении: “тошка”
[2025-07-25 14:42:46] [QUOTE] Создана картинка по тексту: “🏙 Погода в городе Kandyagash (🇰🇿):
🌡 Сейчас: 25.6°C (Пасмурно)
🫂 Ощущается как: 25.4°C
🌬 Ветер: 5 м/с
💦 Влажность: 46%
⏰ Время: 14:42 (25.07.2025)
🌅 Восход: 05:32 | 🌇 Закат: 21:01” от toligrimm
[2025-07-25 15:05:51] [QUOTE] Создана картинка по тексту: “Твоя аффирмация дня:

🧭 Я иду по своему пути развития уверенно и с удовольствием.

Повторяй её в течение дня. Может, поможет 🙂 А может — нет. Но ты попробуй.” от toligrimm
[2025-07-25 15:08:05] [PHRASE] Ответ 'картошка' на слово с окончанием 'тошка' в сообщении: “тошка”
[2025-07-25 15:17:26] [QUOTE] Создана картинка по тексту: “факин айтишник” от Aliya Aisakhanova
[2025-07-25 15:18:01] [QUOTE] Создана картинка по тексту: “Тетя Гуля” от Aigerim
[2025-07-25 15:55:48] [WEATHER] Нур-Султан: 31.0°C, Небольшая облачность
[2025-07-25 15:57:42] [WEATHER] Астана: 31.0°C, Небольшая облачность
[2025-07-25 15:58:46] [WEATHER] Астана: 31.0°C, Небольшая облачность
[2025-07-25 15:59:03] [WEATHER] Астана: 30.0°C, Облачно с прояснениями
[2025-07-25 16:04:05] [WEATHER] Астана: 31.0°C, Небольшая облачность
[2025-07-25 16:07:32] [PHRASE] Триггер «тетя гуля» сработал на сообщение: тетя гуля
[2025-07-25 16:10:55] [QUOTE] Создана картинка по тексту: “не тетягулькайте мне тут” от toligrimm
[2025-07-25 16:12:58] [PHRASE] Триггер 'Володя + ...' сработал на сообщение: володя можешь скинуть котика
[2025-07-25 16:14:13] [PHRASE] Триггер 'Володя + ...' сработал на сообщение: володя можешь
[2025-07-25 16:14:51] [PHRASE] Триггер 'Володя + ...' сработал на сообщение: володя сделай хуйню
[2025-07-25 16:14:52] [PHRASE] Триггер 'Володя + ...' сработал на сообщение: володя сделай 500 тенге
[2025-07-25 16:46:18] [WEATHER] Астана: 18.0°C, Облачно с прояснениями
[2025-07-25 16:58:52] [PHRASE] /volodya — Ждёт дедлайн, чтобы начать работать
[2025-07-25 17:05:23] [PHRASE] /volodya — В Telegram, но делает вид, что занят
[2025-07-25 17:11:13] [PHRASE] Вопрос про имя «Володя»: Греет плов
[2025-07-25 17:11:33] [PHRASE] Вопрос про имя «Ораз»: Объясняет заказчику, почему баг — это фича
[2025-07-25 17:12:53] [PHRASE] Вопрос про имя «Мася»: Думает, как назвать переменную
[2025-07-25 17:13:03] [PHRASE] Вопрос про имя «Маська»: Объясняет заказчику, почему баг — это фича
[2025-07-25 17:15:20] [PHRASE] Вопрос про имя «Азат»: Ждёт дедлайн, чтобы начать работать
[2025-07-25 17:15:24] [QUOTE] Создана картинка по тексту: “и всякие триггер слова и фразы” от Aigerim
[2025-07-25 17:15:51] [WEATHER] Астана: 18.0°C, Облачно с прояснениями
[2025-07-25 17:15:54] [WEATHER] Ташкент: 40.0°C, Ясно
[2025-07-25 17:17:41] [PHRASE] Вопрос про имя «Он»: В Telegram, но делает вид, что занят
[2025-07-25 17:17:46] [PHRASE] Вопрос про имя «Он»: Ищет, где бы отдохнуть на майские
[2025-07-25 17:17:48] [PHRASE] Вопрос про имя «Он»: Объясняет заказчику, почему баг — это фича
[2025-07-25 17:17:50] [PHRASE] Вопрос про имя «Он»: В Telegram, но делает вид, что занят
[2025-07-25 17:17:52] [PHRASE] Вопрос про имя «Он»: Сидит тихо — значит делает вид, что работаетПилит фичу за 500 тг
[2025-07-25 17:17:54] [PHRASE] Вопрос про имя «Он»: Читает документацию, а сам не верит
[2025-07-25 17:18:27] [PHRASE] Вопрос про имя «Он»: Ищет, где бы отдохнуть на майские
[2025-07-25 17:18:29] [PHRASE] Вопрос про имя «Он»: Смотрит туториалы и страдает
[2025-07-25 17:18:31] [PHRASE] Вопрос про имя «Он»: Ждёт дедлайн, чтобы начать работать
[2025-07-25 17:18:34] [PHRASE] Вопрос про имя «Он»: Объясняет заказчику, почему баг — это фича
[2025-07-25 17:18:45] [WEATHER] Кызылорда: 36.0°C, Переменная облачность
[2025-07-25 17:18:51] [PHRASE] Вопрос про имя «Он»: Ждёт дедлайн, чтобы начать работать
[2025-07-25 17:18:53] [PHRASE] Вопрос про имя «Он»: Садится на бутылку. А чего добился ты?
[2025-07-25 17:20:20] [PHRASE] Вопрос про имя «Чем»: Пилит фичу за 500 тг
[2025-07-25 17:22:20] [PHRASE] Вопрос про имя «Тоха»: Добавляет фичу, но с костылями
[2025-07-25 17:27:57] [PHRASE] Вопрос про имя «Чем»: Пилит фичу за 500 тг
[2025-07-25 17:28:26] [PHRASE] Вопрос про имя «Ты»: Думает, как назвать переменную
[2025-07-25 17:28:27] [PHRASE] Вопрос про имя «Занят»: Сидит тихо — значит делает вид, что работает
[2025-07-25 17:28:35] [PHRASE] Вопрос про имя «Занят»: Ждёт дедлайн, чтобы начать работать
[2025-07-25 17:29:28] [PHRASE] Вопрос про имя «Что»: Читает документацию, а сам не верит
[2025-07-25 17:31:18] [PHRASE] Вопрос про имя «Что»: Объясняет заказчику, почему баг — это фича
[2025-07-25 17:31:22] [PHRASE] Вопрос про имя «Что»: На созвоне с клиентом
[2025-07-25 17:31:23] [PHRASE] Вопрос про имя «Что»: Ищет, где бы отдохнуть на майские
[2025-07-25 17:31:24] [PHRASE] Вопрос про имя «Что»: Греет плов
[2025-07-25 17:31:25] [PHRASE] Вопрос про имя «Что»: Добавляет фичу, но с костылями
[2025-07-25 17:31:26] [PHRASE] Вопрос про имя «Что»: На созвоне с клиентом
[2025-07-25 17:31:27] [PHRASE] Вопрос про имя «Что»: Греет плов
[2025-07-25 17:31:28] [PHRASE] Вопрос про имя «Что»: На созвоне с клиентом
[2025-07-25 17:31:29] [PHRASE] Вопрос про имя «Что»: Добавляет фичу, но с костылями
[2025-07-25 17:31:31] [PHRASE] Вопрос про имя «Что»: Добавляет фичу, но с костылями
[2025-07-25 17:31:32] [PHRASE] Вопрос про имя «Что»: Читает документацию, а сам не верит
[2025-07-25 17:31:33] [PHRASE] Вопрос про имя «Что»: Греет плов
[2025-07-25 17:31:34] [PHRASE] Вопрос про имя «Что»: Ждёт дедлайн, чтобы начать работать
[2025-07-25 17:31:35] [PHRASE] Вопрос про имя «Что»: В Telegram, но делает вид, что занят
[2025-07-25 17:31:36] [PHRASE] Вопрос про имя «Что»: Читает документацию, а сам не верит
[2025-07-25 17:31:36] [PHRASE] Вопрос про имя «Что»: Читает документацию, а сам не верит
[2025-07-25 17:31:37] [PHRASE] Вопрос про имя «Что»: Пилит фичу за 500 тг
[2025-07-25 17:31:38] [PHRASE] Вопрос про имя «Что»: Смотрит туториалы и страдает
[2025-07-25 17:31:39] [PHRASE] Вопрос про имя «Что»: В Telegram, но делает вид, что занят
[2025-07-25 17:31:40] [PHRASE] Вопрос про имя «Что»: Пилит фичу за 500 тг
[2025-07-25 17:31:41] [PHRASE] Вопрос про имя «Что»: В Telegram, но делает вид, что занят
[ERROR] Telegram send failed: Flood control exceeded. Retry in 37 seconds
[2025-07-25 17:31:42] [PHRASE] Вопрос про имя «Что»: Пилит фичу за 500 тг
[ERROR] Telegram send failed: Flood control exceeded. Retry in 36 seconds
[2025-07-25 17:31:43] [PHRASE] Вопрос про имя «Что»: Греет плов
[ERROR] Telegram send failed: Flood control exceeded. Retry in 35 seconds
[2025-07-25 17:31:44] [PHRASE] Вопрос про имя «Что»: Ищет, где бы отдохнуть на майские
[ERROR] Telegram send failed: Flood control exceeded. Retry in 34 seconds
[2025-07-25 17:31:45] [PHRASE] Вопрос про имя «Что»: Греет плов
[ERROR] Telegram send failed: Flood control exceeded. Retry in 33 seconds
[2025-07-25 17:31:46] [PHRASE] Вопрос про имя «Что»: Садится на бутылку. А чего добился ты?
[ERROR] Telegram send failed: Flood control exceeded. Retry in 33 seconds
[2025-07-25 17:31:55] [PHRASE] Вопрос про имя «Чем»: Ждёт дедлайн, чтобы начать работать
[ERROR] Telegram send failed: Flood control exceeded. Retry in 23 seconds
[2025-07-25 17:32:06] [PHRASE] Вопрос про имя «Чем»: В Telegram, но делает вид, что занят
[2025-07-25 17:32:07] [PHRASE] Вопрос про имя «Чем»: Ждёт дедлайн, чтобы начать работать
[ERROR] Telegram send failed: Flood control exceeded. Retry in 12 seconds
[2025-07-25 17:32:07] [PHRASE] Вопрос про имя «Чем»: Греет плов
[ERROR] Telegram send failed: Flood control exceeded. Retry in 11 seconds
[2025-07-25 17:32:07] [PHRASE] Вопрос про имя «Чем»: Добавляет фичу, но с костылями
[2025-07-25 17:32:07] [PHRASE] Вопрос про имя «Чем»: На созвоне с клиентом
[ERROR] Telegram send failed: Flood control exceeded. Retry in 11 seconds
[ERROR] Telegram send failed: Flood control exceeded. Retry in 11 seconds
[2025-07-25 17:32:08] [PHRASE] Вопрос про имя «Чем»: Думает, как назвать переменную
[2025-07-25 17:32:08] [PHRASE] Вопрос про имя «Чем»: Смотрит туториалы и страдает
[ERROR] Telegram send failed: Flood control exceeded. Retry in 11 seconds
[2025-07-25 17:32:08] [PHRASE] Вопрос про имя «Чем»: Ждёт дедлайн, чтобы начать работать
[ERROR] Telegram send failed: Flood control exceeded. Retry in 11 seconds
[2025-07-25 17:32:08] [PHRASE] Вопрос про имя «Чем»: Греет плов
[ERROR] Telegram send failed: Flood control exceeded. Retry in 10 seconds
[ERROR] Telegram send failed: Flood control exceeded. Retry in 10 seconds
[2025-07-25 17:32:08] [PHRASE] Вопрос про имя «Чем»: Думает, как назвать переменную
[ERROR] Telegram send failed: Flood control exceeded. Retry in 10 seconds
[2025-07-25 17:32:09] [PHRASE] Вопрос про имя «Чем»: Ищет, где бы отдохнуть на майские
[ERROR] Telegram send failed: Flood control exceeded. Retry in 10 seconds
[2025-07-25 17:32:09] [PHRASE] Вопрос про имя «Чем»: Объясняет заказчику, почему баг — это фича
[ERROR] Telegram send failed: Flood control exceeded. Retry in 10 seconds
[2025-07-25 17:32:09] [PHRASE] Вопрос про имя «Чем»: Греет плов
[ERROR] Telegram send failed: Flood control exceeded. Retry in 9 seconds
[2025-07-25 17:32:09] [PHRASE] Вопрос про имя «Чем»: Ищет, где бы отдохнуть на майские
[ERROR] Telegram send failed: Flood control exceeded. Retry in 9 seconds
[2025-07-25 17:32:10] [PHRASE] Вопрос про имя «Чем»: Объясняет заказчику, почему баг — это фича
[ERROR] Telegram send failed: Flood control exceeded. Retry in 9 seconds
[2025-07-25 17:32:10] [PHRASE] Вопрос про имя «Чем»: Ищет, где бы отдохнуть на майские
[ERROR] Telegram send failed: Flood control exceeded. Retry in 9 seconds
[2025-07-25 17:32:10] [PHRASE] Вопрос про имя «Чем»: Объясняет заказчику, почему баг — это фича
[2025-07-25 17:32:10] [PHRASE] Вопрос про имя «Чем»: Добавляет фичу, но с костылями
[2025-07-25 17:32:10] [PHRASE] Вопрос про имя «Чем»: Объясняет заказчику, почему баг — это фича
[2025-07-25 17:32:10] [PHRASE] Вопрос про имя «Чем»: Думает, как назвать переменную
[2025-07-25 17:32:13] [PHRASE] Вопрос про имя «Чем»: Пилит фичу за 500 тг
[ERROR] Telegram send failed: Timed out
[ERROR] Telegram send failed: Timed out
[ERROR] Telegram send failed: Timed out
[ERROR] Telegram send failed: Timed out
[ERROR] Telegram send failed: Timed out
[ERROR] Telegram send failed: Flood control exceeded. Retry in 5 seconds
[2025-07-25 17:32:19] [PHRASE] Вопрос про имя «Чем»: Читает документацию, а сам не верит
[2025-07-25 17:32:21] [PHRASE] Вопрос про имя «Чем»: Греет плов
[2025-07-25 17:32:22] [PHRASE] Вопрос про имя «Чем»: Пилит фичу за 500 тг
[2025-07-25 17:32:22] [PHRASE] Вопрос про имя «Чем»: В Telegram, но делает вид, что занят
[2025-07-25 17:32:22] [PHRASE] Вопрос про имя «Чем»: Читает документацию, а сам не верит
[2025-07-25 17:32:23] [PHRASE] Вопрос про имя «Чем»: На созвоне с клиентом
[2025-07-25 17:32:23] [PHRASE] Вопрос про имя «Чем»: Садится на бутылку. А чего добился ты?
[2025-07-25 17:32:23] [PHRASE] Вопрос про имя «Чем»: Греет плов
[2025-07-25 17:32:23] [PHRASE] Вопрос про имя «Чем»: Пилит фичу за 500 тг
[2025-07-25 17:32:24] [PHRASE] Вопрос про имя «Чем»: Думает, как назвать переменную
[ERROR] Telegram send failed: Flood control exceeded. Retry in 5 seconds
[ERROR] Telegram send failed: Flood control exceeded. Retry in 5 seconds
[ERROR] Telegram send failed: Flood control exceeded. Retry in 5 seconds
[2025-07-25 17:32:24] [PHRASE] Вопрос про имя «Чем»: Объясняет заказчику, почему баг — это фича
[ERROR] Telegram send failed: Flood control exceeded. Retry in 5 seconds
[2025-07-25 17:32:24] [PHRASE] Вопрос про имя «Чем»: В Telegram, но делает вид, что занят
[2025-07-25 17:32:24] [PHRASE] Вопрос про имя «Чем»: Объясняет заказчику, почему баг — это фича
[2025-07-25 17:32:25] [PHRASE] Вопрос про имя «Чем»: В Telegram, но делает вид, что занят
[2025-07-25 17:32:25] [PHRASE] Вопрос про имя «Чем»: Добавляет фичу, но с костылями
[2025-07-25 17:32:25] [PHRASE] Вопрос про имя «Чем»: Ждёт дедлайн, чтобы начать работать
[2025-07-25 17:32:25] [PHRASE] Вопрос про имя «Чем»: Пилит фичу за 500 тг
[2025-07-25 17:32:26] [PHRASE] Вопрос про имя «Чем»: Ждёт дедлайн, чтобы начать работать
[2025-07-25 17:32:26] [PHRASE] Вопрос про имя «Чем»: Греет плов
[2025-07-25 17:32:26] [PHRASE] Вопрос про имя «Чем»: Думает, как назвать переменную
[2025-07-25 17:32:27] [PHRASE] Вопрос про имя «Чем»: Греет плов
[2025-07-25 17:32:27] [PHRASE] Вопрос про имя «Чем»: На созвоне с клиентом
[2025-07-25 17:32:27] [PHRASE] Вопрос про имя «Чем»: Пилит фичу за 500 тг
[2025-07-25 17:32:27] [PHRASE] Вопрос про имя «Чем»: Смотрит туториалы и страдает
[2025-07-25 17:32:28] [PHRASE] Вопрос про имя «Чем»: Добавляет фичу, но с костылями
[2025-07-25 17:32:28] [PHRASE] Вопрос про имя «Чем»: Пилит фичу за 500 тг
[2025-07-25 17:32:28] [PHRASE] Вопрос про имя «Чем»: Пилит фичу за 500 тг
[ERROR] Telegram send failed: Timed out
[ERROR] Telegram send failed: Flood control exceeded. Retry in 5 seconds
[ERROR] Telegram send failed: Flood control exceeded. Retry in 5 seconds
[ERROR] Telegram send failed: Flood control exceeded. Retry in 5 seconds
[ERROR] Telegram send failed: Flood control exceeded. Retry in 5 seconds
[ERROR] Telegram send failed: Flood control exceeded. Retry in 5 seconds
[ERROR] Telegram send failed: Flood control exceeded. Retry in 5 seconds
[ERROR] Telegram send failed: Flood control exceeded. Retry in 5 seconds
[ERROR] Telegram send failed: Flood control exceeded. Retry in 5 seconds
[ERROR] Telegram send failed: Flood control exceeded. Retry in 5 seconds
[ERROR] Telegram send failed: Flood control exceeded. Retry in 5 seconds
[ERROR] Telegram send failed: Flood control exceeded. Retry in 5 seconds
[ERROR] Telegram send failed: Flood control exceeded. Retry in 5 seconds
[ERROR] Telegram send failed: Flood control exceeded. Retry in 5 seconds
[2025-07-25 17:32:30] [PHRASE] Вопрос про имя «Чем»: На созвоне с клиентом
[2025-07-25 17:32:30] [PHRASE] Вопрос про имя «Чем»: Ждёт дедлайн, чтобы начать работать
[2025-07-25 17:32:30] [PHRASE] Вопрос про имя «Чем»: Греет плов
